2022-03-21 09:28:35 [main] INFO  net.runelite.launcher.Launcher - RuneLite Launcher version 2.4.2
2022-03-21 09:28:35 [main] INFO  net.runelite.launcher.Launcher - Setting hardware acceleration to DIRECTDRAW
2022-03-21 09:28:40 [main] INFO  net.runelite.launcher.Launcher - Verified hash of client-1.8.14.jar
2022-03-21 09:28:40 [main] INFO  net.runelite.launcher.Launcher - Verified hash of slf4j-api-1.7.25.jar
2022-03-21 09:28:40 [main] INFO  net.runelite.launcher.Launcher - Verified hash of logback-classic-1.2.9.jar
2022-03-21 09:28:40 [main] INFO  net.runelite.launcher.Launcher - Verified hash of logback-core-1.2.9.jar
2022-03-21 09:28:40 [main] INFO  net.runelite.launcher.Launcher - Verified hash of jopt-simple-5.0.1.jar
2022-03-21 09:28:40 [main] INFO  net.runelite.launcher.Launcher - Verified hash of guava-23.2-jre.jar
2022-03-21 09:28:40 [main] INFO  net.runelite.launcher.Launcher - Verified hash of guice-4.1.0-no_aop.jar
2022-03-21 09:28:40 [main] INFO  net.runelite.launcher.Launcher - Verified hash of javax.inject-1.jar
2022-03-21 09:28:40 [main] INFO  net.runelite.launcher.Launcher - Verified hash of aopalliance-1.0.jar
2022-03-21 09:28:40 [main] INFO  net.runelite.launcher.Launcher - Verified hash of gson-2.8.5.jar
2022-03-21 09:28:40 [main] INFO  net.runelite.launcher.Launcher - Verified hash of substance-8.0.02.jar
2022-03-21 09:28:40 [main] INFO  net.runelite.launcher.Launcher - Verified hash of trident-1.5.00.jar
2022-03-21 09:28:40 [main] INFO  net.runelite.launcher.Launcher - Verified hash of commons-text-1.2.jar
2022-03-21 09:28:40 [main] INFO  net.runelite.launcher.Launcher - Verified hash of commons-lang3-3.7.jar
2022-03-21 09:28:40 [main] INFO  net.runelite.launcher.Launcher - Verified hash of commons-csv-1.4.jar
2022-03-21 09:28:40 [main] INFO  net.runelite.launcher.Launcher - Verified hash of archive-patcher-applier-1.2.jar
2022-03-21 09:28:40 [main] INFO  net.runelite.launcher.Launcher - Verified hash of jna-5.9.0.jar
2022-03-21 09:28:40 [main] INFO  net.runelite.launcher.Launcher - Verified hash of jna-platform-5.9.0.jar
2022-03-21 09:28:40 [main] INFO  net.runelite.launcher.Launcher - Verified hash of jsr305-3.0.2.jar
2022-03-21 09:28:40 [main] INFO  net.runelite.launcher.Launcher - Verified hash of jogl-rl-2.4.0-rc-20220318.jar
2022-03-21 09:28:40 [main] INFO  net.runelite.launcher.Launcher - Verified hash of jogl-rl-2.4.0-rc-20220318-natives-windows-i586.jar
2022-03-21 09:28:40 [main] INFO  net.runelite.launcher.Launcher - Verified hash of gluegen-rt-2.4.0-rc-20220318.jar
2022-03-21 09:28:40 [main] INFO  net.runelite.launcher.Launcher - Verified hash of gluegen-rt-2.4.0-rc-20220318-natives-windows-i586.jar
2022-03-21 09:28:40 [main] INFO  net.runelite.launcher.Launcher - Verified hash of jocl-1.0.jar
2022-03-21 09:28:40 [main] INFO  net.runelite.launcher.Launcher - Verified hash of client-patch-1.8.14.jar
2022-03-21 09:28:40 [main] INFO  net.runelite.launcher.Launcher - Verified hash of http-api-1.0.0.jar
2022-03-21 09:28:40 [main] INFO  net.runelite.launcher.Launcher - Verified hash of okhttp-3.14.9.jar
2022-03-21 09:28:40 [main] INFO  net.runelite.launcher.Launcher - Verified hash of okio-1.17.2.jar
2022-03-21 09:28:40 [main] INFO  net.runelite.launcher.Launcher - Verified hash of discord-1.4.jar
2022-03-21 09:28:40 [main] INFO  net.runelite.launcher.Launcher - Verified hash of runelite-api-1.8.14-runtime.jar
2022-03-21 11:30:12 [main] INFO  net.runelite.launcher.Launcher - RuneLite Launcher version 2.4.2
2022-03-21 11:30:12 [main] INFO  net.runelite.launcher.Launcher - Setting hardware acceleration to DIRECTDRAW
2022-03-21 11:30:17 [main] INFO  net.runelite.launcher.Launcher - Verified hash of client-1.8.14.jar
2022-03-21 11:30:17 [main] INFO  net.runelite.launcher.Launcher - Verified hash of slf4j-api-1.7.25.jar
2022-03-21 11:30:17 [main] INFO  net.runelite.launcher.Launcher - Verified hash of logback-classic-1.2.9.jar
2022-03-21 11:30:17 [main] INFO  net.runelite.launcher.Launcher - Verified hash of logback-core-1.2.9.jar
2022-03-21 11:30:17 [main] INFO  net.runelite.launcher.Launcher - Verified hash of jopt-simple-5.0.1.jar
2022-03-21 11:30:17 [main] INFO  net.runelite.launcher.Launcher - Verified hash of guava-23.2-jre.jar
2022-03-21 11:30:17 [main] INFO  net.runelite.launcher.Launcher - Verified hash of guice-4.1.0-no_aop.jar
2022-03-21 11:30:17 [main] INFO  net.runelite.launcher.Launcher - Verified hash of javax.inject-1.jar
2022-03-21 11:30:17 [main] INFO  net.runelite.launcher.Launcher - Verified hash of aopalliance-1.0.jar
2022-03-21 11:30:17 [main] INFO  net.runelite.launcher.Launcher - Verified hash of gson-2.8.5.jar
2022-03-21 11:30:17 [main] INFO  net.runelite.launcher.Launcher - Verified hash of substance-8.0.02.jar
2022-03-21 11:30:17 [main] INFO  net.runelite.launcher.Launcher - Verified hash of trident-1.5.00.jar
2022-03-21 11:30:17 [main] INFO  net.runelite.launcher.Launcher - Verified hash of commons-text-1.2.jar
2022-03-21 11:30:17 [main] INFO  net.runelite.launcher.Launcher - Verified hash of commons-lang3-3.7.jar
2022-03-21 11:30:17 [main] INFO  net.runelite.launcher.Launcher - Verified hash of commons-csv-1.4.jar
2022-03-21 11:30:17 [main] INFO  net.runelite.launcher.Launcher - Verified hash of archive-patcher-applier-1.2.jar
2022-03-21 11:30:17 [main] INFO  net.runelite.launcher.Launcher - Verified hash of jna-5.9.0.jar
2022-03-21 11:30:17 [main] INFO  net.runelite.launcher.Launcher - Verified hash of jna-platform-5.9.0.jar
2022-03-21 11:30:17 [main] INFO  net.runelite.launcher.Launcher - Verified hash of jsr305-3.0.2.jar
2022-03-21 11:30:17 [main] INFO  net.runelite.launcher.Launcher - Verified hash of jogl-rl-2.4.0-rc-20220318.jar
2022-03-21 11:30:17 [main] INFO  net.runelite.launcher.Launcher - Verified hash of jogl-rl-2.4.0-rc-20220318-natives-windows-i586.jar
2022-03-21 11:30:17 [main] INFO  net.runelite.launcher.Launcher - Verified hash of gluegen-rt-2.4.0-rc-20220318.jar
2022-03-21 11:30:17 [main] INFO  net.runelite.launcher.Launcher - Verified hash of gluegen-rt-2.4.0-rc-20220318-natives-windows-i586.jar
2022-03-21 11:30:17 [main] INFO  net.runelite.launcher.Launcher - Verified hash of jocl-1.0.jar
2022-03-21 11:30:17 [main] INFO  net.runelite.launcher.Launcher - Verified hash of client-patch-1.8.14.jar
2022-03-21 11:30:17 [main] INFO  net.runelite.launcher.Launcher - Verified hash of http-api-1.0.0.jar
2022-03-21 11:30:17 [main] INFO  net.runelite.launcher.Launcher - Verified hash of okhttp-3.14.9.jar
2022-03-21 11:30:17 [main] INFO  net.runelite.launcher.Launcher - Verified hash of okio-1.17.2.jar
2022-03-21 11:30:17 [main] INFO  net.runelite.launcher.Launcher - Verified hash of discord-1.4.jar
2022-03-21 11:30:17 [main] INFO  net.runelite.launcher.Launcher - Verified hash of runelite-api-1.8.14-runtime.jar
2022-03-21 11:31:31 [main] INFO  net.runelite.launcher.Launcher - RuneLite Launcher version 2.4.2
2022-03-21 11:31:31 [main] INFO  net.runelite.launcher.Launcher - Setting hardware acceleration to DIRECTDRAW
2022-03-21 11:31:35 [main] INFO  net.runelite.launcher.Launcher - Verified hash of client-1.8.14.jar
2022-03-21 11:31:35 [main] INFO  net.runelite.launcher.Launcher - Verified hash of slf4j-api-1.7.25.jar
2022-03-21 11:31:35 [main] INFO  net.runelite.launcher.Launcher - Verified hash of logback-classic-1.2.9.jar
2022-03-21 11:31:35 [main] INFO  net.runelite.launcher.Launcher - Verified hash of logback-core-1.2.9.jar
2022-03-21 11:31:35 [main] INFO  net.runelite.launcher.Launcher - Verified hash of jopt-simple-5.0.1.jar
2022-03-21 11:31:35 [main] INFO  net.runelite.launcher.Launcher - Verified hash of guava-23.2-jre.jar
2022-03-21 11:31:35 [main] INFO  net.runelite.launcher.Launcher - Verified hash of guice-4.1.0-no_aop.jar
2022-03-21 11:31:35 [main] INFO  net.runelite.launcher.Launcher - Verified hash of javax.inject-1.jar
2022-03-21 11:31:35 [main] INFO  net.runelite.launcher.Launcher - Verified hash of aopalliance-1.0.jar
2022-03-21 11:31:35 [main] INFO  net.runelite.launcher.Launcher - Verified hash of gson-2.8.5.jar
2022-03-21 11:31:35 [main] INFO  net.runelite.launcher.Launcher - Verified hash of substance-8.0.02.jar
2022-03-21 11:31:35 [main] INFO  net.runelite.launcher.Launcher - Verified hash of trident-1.5.00.jar
2022-03-21 11:31:35 [main] INFO  net.runelite.launcher.Launcher - Verified hash of commons-text-1.2.jar
2022-03-21 11:31:35 [main] INFO  net.runelite.launcher.Launcher - Verified hash of commons-lang3-3.7.jar
2022-03-21 11:31:35 [main] INFO  net.runelite.launcher.Launcher - Verified hash of commons-csv-1.4.jar
2022-03-21 11:31:35 [main] INFO  net.runelite.launcher.Launcher - Verified hash of archive-patcher-applier-1.2.jar
2022-03-21 11:31:35 [main] INFO  net.runelite.launcher.Launcher - Verified hash of jna-5.9.0.jar
2022-03-21 11:31:35 [main] INFO  net.runelite.launcher.Launcher - Verified hash of jna-platform-5.9.0.jar
2022-03-21 11:31:35 [main] INFO  net.runelite.launcher.Launcher - Verified hash of jsr305-3.0.2.jar
2022-03-21 11:31:35 [main] INFO  net.runelite.launcher.Launcher - Verified hash of jogl-rl-2.4.0-rc-20220318.jar
2022-03-21 11:31:35 [main] INFO  net.runelite.launcher.Launcher - Verified hash of jogl-rl-2.4.0-rc-20220318-natives-windows-i586.jar
2022-03-21 11:31:35 [main] INFO  net.runelite.launcher.Launcher - Verified hash of gluegen-rt-2.4.0-rc-20220318.jar
2022-03-21 11:31:35 [main] INFO  net.runelite.launcher.Launcher - Verified hash of gluegen-rt-2.4.0-rc-20220318-natives-windows-i586.jar
2022-03-21 11:31:35 [main] INFO  net.runelite.launcher.Launcher - Verified hash of jocl-1.0.jar
2022-03-21 11:31:35 [main] INFO  net.runelite.launcher.Launcher - Verified hash of client-patch-1.8.14.jar
2022-03-21 11:31:35 [main] INFO  net.runelite.launcher.Launcher - Verified hash of http-api-1.0.0.jar
2022-03-21 11:31:35 [main] INFO  net.runelite.launcher.Launcher - Verified hash of okhttp-3.14.9.jar
2022-03-21 11:31:35 [main] INFO  net.runelite.launcher.Launcher - Verified hash of okio-1.17.2.jar
2022-03-21 11:31:35 [main] INFO  net.runelite.launcher.Launcher - Verified hash of discord-1.4.jar
2022-03-21 11:31:35 [main] INFO  net.runelite.launcher.Launcher - Verified hash of runelite-api-1.8.14-runtime.jar
2022-03-21 16:23:22 [main] INFO  net.runelite.launcher.Launcher - RuneLite Launcher version 2.4.2
2022-03-21 16:23:22 [main] INFO  net.runelite.launcher.Launcher - Setting hardware acceleration to DIRECTDRAW
2022-03-21 16:23:27 [main] INFO  net.runelite.launcher.Launcher - Verified hash of client-1.8.14.jar
2022-03-21 16:23:27 [main] INFO  net.runelite.launcher.Launcher - Verified hash of slf4j-api-1.7.25.jar
2022-03-21 16:23:27 [main] INFO  net.runelite.launcher.Launcher - Verified hash of logback-classic-1.2.9.jar
2022-03-21 16:23:27 [main] INFO  net.runelite.launcher.Launcher - Verified hash of logback-core-1.2.9.jar
2022-03-21 16:23:27 [main] INFO  net.runelite.launcher.Launcher - Verified hash of jopt-simple-5.0.1.jar
2022-03-21 16:23:27 [main] INFO  net.runelite.launcher.Launcher - Verified hash of guava-23.2-jre.jar
2022-03-21 16:23:27 [main] INFO  net.runelite.launcher.Launcher - Verified hash of guice-4.1.0-no_aop.jar
2022-03-21 16:23:27 [main] INFO  net.runelite.launcher.Launcher - Verified hash of javax.inject-1.jar
2022-03-21 16:23:27 [main] INFO  net.runelite.launcher.Launcher - Verified hash of aopalliance-1.0.jar
2022-03-21 16:23:27 [main] INFO  net.runelite.launcher.Launcher - Verified hash of gson-2.8.5.jar
2022-03-21 16:23:27 [main] INFO  net.runelite.launcher.Launcher - Verified hash of substance-8.0.02.jar
2022-03-21 16:23:27 [main] INFO  net.runelite.launcher.Launcher - Verified hash of trident-1.5.00.jar
2022-03-21 16:23:27 [main] INFO  net.runelite.launcher.Launcher - Verified hash of commons-text-1.2.jar
2022-03-21 16:23:27 [main] INFO  net.runelite.launcher.Launcher - Verified hash of commons-lang3-3.7.jar
2022-03-21 16:23:27 [main] INFO  net.runelite.launcher.Launcher - Verified hash of commons-csv-1.4.jar
2022-03-21 16:23:27 [main] INFO  net.runelite.launcher.Launcher - Verified hash of archive-patcher-applier-1.2.jar
2022-03-21 16:23:27 [main] INFO  net.runelite.launcher.Launcher - Verified hash of jna-5.9.0.jar
2022-03-21 16:23:27 [main] INFO  net.runelite.launcher.Launcher - Verified hash of jna-platform-5.9.0.jar
2022-03-21 16:23:27 [main] INFO  net.runelite.launcher.Launcher - Verified hash of jsr305-3.0.2.jar
2022-03-21 16:23:27 [main] INFO  net.runelite.launcher.Launcher - Verified hash of jogl-rl-2.4.0-rc-20220318.jar
2022-03-21 16:23:27 [main] INFO  net.runelite.launcher.Launcher - Verified hash of jogl-rl-2.4.0-rc-20220318-natives-windows-i586.jar
2022-03-21 16:23:27 [main] INFO  net.runelite.launcher.Launcher - Verified hash of gluegen-rt-2.4.0-rc-20220318.jar
2022-03-21 16:23:27 [main] INFO  net.runelite.launcher.Launcher - Verified hash of gluegen-rt-2.4.0-rc-20220318-natives-windows-i586.jar
2022-03-21 16:23:27 [main] INFO  net.runelite.launcher.Launcher - Verified hash of jocl-1.0.jar
2022-03-21 16:23:27 [main] INFO  net.runelite.launcher.Launcher - Verified hash of client-patch-1.8.14.jar
2022-03-21 16:23:27 [main] INFO  net.runelite.launcher.Launcher - Verified hash of http-api-1.0.0.jar
2022-03-21 16:23:27 [main] INFO  net.runelite.launcher.Launcher - Verified hash of okhttp-3.14.9.jar
2022-03-21 16:23:27 [main] INFO  net.runelite.launcher.Launcher - Verified hash of okio-1.17.2.jar
2022-03-21 16:23:27 [main] INFO  net.runelite.launcher.Launcher - Verified hash of discord-1.4.jar
2022-03-21 16:23:27 [main] INFO  net.runelite.launcher.Launcher - Verified hash of runelite-api-1.8.14-runtime.jar
2022-03-21 20:05:22 [main] INFO  net.runelite.launcher.Launcher - RuneLite Launcher version 2.4.2
2022-03-21 20:05:22 [main] INFO  net.runelite.launcher.Launcher - Setting hardware acceleration to DIRECTDRAW
2022-03-21 20:05:26 [main] INFO  net.runelite.launcher.Launcher - Verified hash of client-1.8.14.jar
2022-03-21 20:05:26 [main] INFO  net.runelite.launcher.Launcher - Verified hash of slf4j-api-1.7.25.jar
2022-03-21 20:05:26 [main] INFO  net.runelite.launcher.Launcher - Verified hash of logback-classic-1.2.9.jar
2022-03-21 20:05:26 [main] INFO  net.runelite.launcher.Launcher - Verified hash of logback-core-1.2.9.jar
2022-03-21 20:05:26 [main] INFO  net.runelite.launcher.Launcher - Verified hash of jopt-simple-5.0.1.jar
2022-03-21 20:05:26 [main] INFO  net.runelite.launcher.Launcher - Verified hash of guava-23.2-jre.jar
2022-03-21 20:05:26 [main] INFO  net.runelite.launcher.Launcher - Verified hash of guice-4.1.0-no_aop.jar
2022-03-21 20:05:26 [main] INFO  net.runelite.launcher.Launcher - Verified hash of javax.inject-1.jar
2022-03-21 20:05:26 [main] INFO  net.runelite.launcher.Launcher - Verified hash of aopalliance-1.0.jar
2022-03-21 20:05:26 [main] INFO  net.runelite.launcher.Launcher - Verified hash of gson-2.8.5.jar
2022-03-21 20:05:26 [main] INFO  net.runelite.launcher.Launcher - Verified hash of substance-8.0.02.jar
2022-03-21 20:05:26 [main] INFO  net.runelite.launcher.Launcher - Verified hash of trident-1.5.00.jar
2022-03-21 20:05:26 [main] INFO  net.runelite.launcher.Launcher - Verified hash of commons-text-1.2.jar
2022-03-21 20:05:26 [main] INFO  net.runelite.launcher.Launcher - Verified hash of commons-lang3-3.7.jar
2022-03-21 20:05:26 [main] INFO  net.runelite.launcher.Launcher - Verified hash of commons-csv-1.4.jar
2022-03-21 20:05:26 [main] INFO  net.runelite.launcher.Launcher - Verified hash of archive-patcher-applier-1.2.jar
2022-03-21 20:05:27 [main] INFO  net.runelite.launcher.Launcher - Verified hash of jna-5.9.0.jar
2022-03-21 20:05:27 [main] INFO  net.runelite.launcher.Launcher - Verified hash of jna-platform-5.9.0.jar
2022-03-21 20:05:27 [main] INFO  net.runelite.launcher.Launcher - Verified hash of jsr305-3.0.2.jar
2022-03-21 20:05:27 [main] INFO  net.runelite.launcher.Launcher - Verified hash of jogl-rl-2.4.0-rc-20220318.jar
2022-03-21 20:05:27 [main] INFO  net.runelite.launcher.Launcher - Verified hash of jogl-rl-2.4.0-rc-20220318-natives-windows-i586.jar
2022-03-21 20:05:27 [main] INFO  net.runelite.launcher.Launcher - Verified hash of gluegen-rt-2.4.0-rc-20220318.jar
2022-03-21 20:05:27 [main] INFO  net.runelite.launcher.Launcher - Verified hash of gluegen-rt-2.4.0-rc-20220318-natives-windows-i586.jar
2022-03-21 20:05:27 [main] INFO  net.runelite.launcher.Launcher - Verified hash of jocl-1.0.jar
2022-03-21 20:05:27 [main] INFO  net.runelite.launcher.Launcher - Verified hash of client-patch-1.8.14.jar
2022-03-21 20:05:27 [main] INFO  net.runelite.launcher.Launcher - Verified hash of http-api-1.0.0.jar
2022-03-21 20:05:27 [main] INFO  net.runelite.launcher.Launcher - Verified hash of okhttp-3.14.9.jar
2022-03-21 20:05:27 [main] INFO  net.runelite.launcher.Launcher - Verified hash of okio-1.17.2.jar
2022-03-21 20:05:27 [main] INFO  net.runelite.launcher.Launcher - Verified hash of discord-1.4.jar
2022-03-21 20:05:27 [main] INFO  net.runelite.launcher.Launcher - Verified hash of runelite-api-1.8.14-runtime.jar
